INFO [2019-04-09 10:41:13] [[1]]
INFO [2019-04-09 10:41:13] xlist
INFO [2019-04-09 10:41:13] 
INFO [2019-04-09 10:41:13] $filename
INFO [2019-04-09 10:41:13] NULL
INFO [2019-04-09 10:41:13] 
INFO [2019-04-09 10:41:13] $fill
INFO [2019-04-09 10:41:13] c("red", "orange", "#5a2071", "pink")
INFO [2019-04-09 10:41:13] 
INFO [2019-04-09 10:41:13] $alpha
INFO [2019-04-09 10:41:13] c(0.4, 0.4, 0.4, 0.4)
INFO [2019-04-09 10:41:13] 
INFO [2019-04-09 10:41:13] $cex
INFO [2019-04-09 10:41:13] [1] 2
INFO [2019-04-09 10:41:13] 
INFO [2019-04-09 10:41:13] $cat.fontface
INFO [2019-04-09 10:41:13] [1] 4
INFO [2019-04-09 10:41:13] 
INFO [2019-04-09 10:41:13] $category.names
INFO [2019-04-09 10:41:13] c("2 days", "3 days", "4 days", "All days")
INFO [2019-04-09 10:41:13] 
