INFO [2019-03-27 06:55:32] [[1]]
INFO [2019-03-27 06:55:32] xlist
INFO [2019-03-27 06:55:32] 
INFO [2019-03-27 06:55:32] $filename
INFO [2019-03-27 06:55:32] NULL
INFO [2019-03-27 06:55:32] 
INFO [2019-03-27 06:55:32] $fill
INFO [2019-03-27 06:55:32] c("red", "orange", "#5a2071", "pink")
INFO [2019-03-27 06:55:32] 
INFO [2019-03-27 06:55:32] $alpha
INFO [2019-03-27 06:55:32] c(0.4, 0.4, 0.4, 0.4)
INFO [2019-03-27 06:55:32] 
INFO [2019-03-27 06:55:32] $cex
INFO [2019-03-27 06:55:32] [1] 2
INFO [2019-03-27 06:55:32] 
INFO [2019-03-27 06:55:32] $cat.fontface
INFO [2019-03-27 06:55:32] [1] 4
INFO [2019-03-27 06:55:32] 
INFO [2019-03-27 06:55:32] $category.names
INFO [2019-03-27 06:55:32] c("2 days", "3 days", "4 days", "All days")
INFO [2019-03-27 06:55:32] 
