INFO [2019-03-26 16:28:54] [[1]]
INFO [2019-03-26 16:28:54] xlist
INFO [2019-03-26 16:28:54] 
INFO [2019-03-26 16:28:54] $filename
INFO [2019-03-26 16:28:54] NULL
INFO [2019-03-26 16:28:54] 
INFO [2019-03-26 16:28:54] $fill
INFO [2019-03-26 16:28:54] c("red", "orange", "#5a2071", "pink")
INFO [2019-03-26 16:28:54] 
INFO [2019-03-26 16:28:54] $alpha
INFO [2019-03-26 16:28:54] c(0.4, 0.4, 0.4, 0.4)
INFO [2019-03-26 16:28:54] 
INFO [2019-03-26 16:28:54] $cex
INFO [2019-03-26 16:28:54] [1] 2
INFO [2019-03-26 16:28:54] 
INFO [2019-03-26 16:28:54] $cat.fontface
INFO [2019-03-26 16:28:54] [1] 4
INFO [2019-03-26 16:28:54] 
INFO [2019-03-26 16:28:54] $category.names
INFO [2019-03-26 16:28:54] c("2 day", "3 days", "4 days", "All days")
INFO [2019-03-26 16:28:54] 
