INFO [2019-03-06 15:08:34] [[1]]
INFO [2019-03-06 15:08:34] xlist
INFO [2019-03-06 15:08:34] 
INFO [2019-03-06 15:08:34] $filename
INFO [2019-03-06 15:08:34] NULL
INFO [2019-03-06 15:08:34] 
INFO [2019-03-06 15:08:34] $fill
INFO [2019-03-06 15:08:34] c("red", "orange", "#5a2071", "pink")
INFO [2019-03-06 15:08:34] 
INFO [2019-03-06 15:08:34] $alpha
INFO [2019-03-06 15:08:34] c(0.4, 0.4, 0.4, 0.4)
INFO [2019-03-06 15:08:34] 
INFO [2019-03-06 15:08:34] $cex
INFO [2019-03-06 15:08:34] [1] 2
INFO [2019-03-06 15:08:34] 
INFO [2019-03-06 15:08:34] $cat.fontface
INFO [2019-03-06 15:08:34] [1] 4
INFO [2019-03-06 15:08:34] 
INFO [2019-03-06 15:08:34] $category.names
INFO [2019-03-06 15:08:34] c("1 day", "2 days", "3 days", "4 days")
INFO [2019-03-06 15:08:34] 
