INFO [2019-03-06 15:09:25] [[1]]
INFO [2019-03-06 15:09:25] xlist
INFO [2019-03-06 15:09:25] 
INFO [2019-03-06 15:09:25] $filename
INFO [2019-03-06 15:09:25] NULL
INFO [2019-03-06 15:09:25] 
INFO [2019-03-06 15:09:25] $fill
INFO [2019-03-06 15:09:25] c("red", "orange", "#5a2071", "pink")
INFO [2019-03-06 15:09:25] 
INFO [2019-03-06 15:09:25] $alpha
INFO [2019-03-06 15:09:25] c(0.4, 0.4, 0.4, 0.4)
INFO [2019-03-06 15:09:25] 
INFO [2019-03-06 15:09:25] $cex
INFO [2019-03-06 15:09:25] [1] 2
INFO [2019-03-06 15:09:25] 
INFO [2019-03-06 15:09:25] $cat.fontface
INFO [2019-03-06 15:09:25] [1] 4
INFO [2019-03-06 15:09:25] 
INFO [2019-03-06 15:09:25] $category.names
INFO [2019-03-06 15:09:25] c("1 day", "2 days", "3 days", "4 days")
INFO [2019-03-06 15:09:25] 
